<component name="libraryTable">
  <library name="junit-platform-engine-1.4.2">
    <CLASSES>
      <root url="jar://$PROJECT_DIR$/ImplÃ©mentation/dependencies/org/junit/platform/junit-platform-engine/1.4.2/junit-platform-engine-1.4.2.jar!/" />
    </CLASSES>
    <JAVADOC />
    <SOURCES />
  </library>
</component>